INFO       2022-11-27 19:36:18,015 __main__                       connect                              56  : Connecting to amqp://guest:guest@localhost:5672/%2F
INFO       2022-11-27 19:36:18,017 pika.adapters.utils.connection_workflow start                                179 : Pika version 1.3.1 connecting to ('127.0.0.1', 5672)
INFO       2022-11-27 19:36:18,017 pika.adapters.utils.io_services_utils _on_writable                         345 : Socket connected: <socket.socket fd=9, family=AddressFamily.AF_INET, type=SocketKind.SOCK_STREAM, proto=6, laddr=('127.0.0.1', 39036), raddr=('127.0.0.1', 5672)>
INFO       2022-11-27 19:36:18,018 pika.adapters.utils.connection_workflow _on_transport_establishment_done     428 : Streaming transport linked up: (<pika.adapters.utils.io_services_utils._AsyncPlaintextTransport object at 0x7f0f3d5f6a70>, _StreamingProtocolShim: <TornadoConnection PROTOCOL transport=<pika.adapters.utils.io_services_utils._AsyncPlaintextTransport object at 0x7f0f3d5f6a70> params=<URLParameters host=localhost port=5672 virtual_host=/ ssl=False>>).
INFO       2022-11-27 19:36:18,021 __main__                       on_connection_open                   101 : Connection opened
INFO       2022-11-27 19:36:18,021 __main__                       add_on_connection_close_callback     72  : Adding connection close callback
INFO       2022-11-27 19:36:18,021 __main__                       open_channel                         325 : Creating a new channel
INFO       2022-11-27 19:36:18,021 pika.adapters.utils.connection_workflow _report_completion_and_cleanup       293 : AMQPConnector - reporting success: <TornadoConnection OPEN transport=<pika.adapters.utils.io_services_utils._AsyncPlaintextTransport object at 0x7f0f3d5f6a70> params=<URLParameters host=localhost port=5672 virtual_host=/ ssl=False>>
INFO       2022-11-27 19:36:18,021 pika.adapters.utils.connection_workflow _report_completion_and_cleanup       725 : AMQPConnectionWorkflow - reporting success: <TornadoConnection OPEN transport=<pika.adapters.utils.io_services_utils._AsyncPlaintextTransport object at 0x7f0f3d5f6a70> params=<URLParameters host=localhost port=5672 virtual_host=/ ssl=False>>
INFO       2022-11-27 19:36:18,022 __main__                       on_channel_open                      146 : Channel opened
INFO       2022-11-27 19:36:18,022 __main__                       add_on_channel_close_callback        120 : Adding channel close callback
INFO       2022-11-27 19:36:18,022 __main__                       setup_exchange                       163 : Declaring exchange message
INFO       2022-11-27 19:36:18,023 __main__                       on_exchange_declareok                177 : Exchange declared
INFO       2022-11-27 19:36:18,023 __main__                       setup_queue                          188 : Declaring queue text
INFO       2022-11-27 19:36:18,024 __main__                       on_queue_declareok                   204 : Binding message to text with example.text
INFO       2022-11-27 19:36:18,025 __main__                       on_bindok                            308 : Queue bound
INFO       2022-11-27 19:36:18,025 __main__                       start_consuming                      293 : Issuing consumer related RPC commands
INFO       2022-11-27 19:36:18,025 __main__                       add_on_cancel_callback               219 : Adding consumer cancellation callback
INFO       2022-11-27 19:36:25,213 tornado.access                 log_request                          2271: 304 GET /send?name=Roman&surname=Leshchinskiy&patronymic=vl&phone=8+916+159+91+35&appeal=mes&send=%D0%9E%D1%82%D0%BF%D1%80%D0%B0%D0%B2%D0%B8%D1%82%D1%8C (::1) 2.91ms
INFO       2022-11-27 19:37:02,735 __main__                       stop                                 349 : Stopping
INFO       2022-11-27 19:37:02,735 __main__                       stop_consuming                       280 : Sending a Basic.Cancel RPC command to RabbitMQ
